0: Pan kazio wydal bron: Kusza, klientowi nr: 0 i odsyla do koleiki
0: Klient 0 stanal na torze 0
0: Klient nr: 0 oddaje 1 strzal na torze: 0
1: Pan kazio wydal bron: Karabin, klientowi nr: 1 i odsyla do koleiki
1: Klient 1 stanal na torze 1
1: Klient nr: 1 oddaje 1 strzal na torze: 1
3: Klient nr: 0 oddaje 2 strzal na torze: 0
4: Klient nr: 1 oddaje 2 strzal na torze: 1
6: Klient nr: 0 oddaje 3 strzal na torze: 0
7: Klient nr: 1 oddaje 3 strzal na torze: 1
9: Klient nr: 0 oddaje 4 strzal na torze: 0
9: Klient nr: 1 oddaje 4 strzal na torze: 1
11: Klient nr: 1 oddaje 5 strzal na torze: 1
12: Klient nr: 0 oddaje 5 strzal na torze: 0
12: Klient nr: 1 oddaje 6 strzal na torze: 1
14: Klient nr: 1 oddaje 7 strzal na torze: 1
14: Klient nr: 0 oddaje 6 strzal na torze: 0
16: Klient nr: 1 oddaje 8 strzal na torze: 1
16: Klient nr: 0 oddaje 7 strzal na torze: 0
17: Klient nr: 0 oddaje 8 strzal na torze: 0
18: Klient nr: 1 oddaje 9 strzal na torze: 1
19: Klient nr: 1 oddaje 10 strzal na torze: 1
19: Klient nr: 0 oddaje 9 strzal na torze: 0
21: Klient nr: 1 skonczyl strzelac i wychodzi
22: Klient nr: 0 oddaje 10 strzal na torze: 0
23: Klient nr: 0 skonczyl strzelac i wychodzi
