This file contains any messages produced by compilers while
running configure, to aid debugging if configure makes a mistake.

It was created by Mrowisko configure 0.1, which was
generated by GNU Autoconf 2.68.  Invocation command line was

  $ ./configure 

## --------- ##
## Platform. ##
## --------- ##

hostname = darkraptor
uname -m = i686
uname -r = 3.2.13-smp
uname -s = Linux
uname -v = #3 Sat Mar 31 20:42:04 CEST 2012

/usr/bin/uname -p = Intel(R) Atom(TM) CPU N270   @ 1.60GHz
/bin/uname -X     = unknown

/bin/arch              = i686
/usr/bin/arch -k       = unknown
/usr/convex/getsysinfo = unknown
/usr/bin/hostinfo      = unknown
/bin/machine           = unknown
/usr/bin/oslevel       = unknown
/bin/universe          = unknown

PATH: /usr/lib/java/bin/
PATH: /opt/openoffice.org3/program
PATH: /usr/share/texmf/bin
PATH: /usr/bin
PATH: /usr/sbin
PATH: /sbin
PATH: /opt/kde/bin
PATH: /bin
PATH: /usr/local/bin
PATH: /usr/bin
PATH: /bin
PATH: /usr/games
PATH: /usr/lib/java/bin
PATH: /usr/lib/java/jre/bin
PATH: /usr/lib/java/bin
PATH: /usr/kerberos/bin
PATH: /opt/kde3/lib/qt3/bin
PATH: /opt/kde3/bin
PATH: /usr/lib/qt/bin
PATH: /usr/share/texmf/bin
PATH: .


## ----------- ##
## Core tests. ##
## ----------- ##

configure:1804: checking for a BSD-compatible install
configure:1872: result: /usr/bin/ginstall -c
configure:1883: checking whether build environment is sane
configure:1933: result: yes
configure:2074: checking for a thread-safe mkdir -p
configure:2113: result: /usr/bin/mkdir -p
configure:2126: checking for gawk
configure:2142: found /usr/bin/gawk
configure:2153: result: gawk
configure:2164: checking whether make sets $(MAKE)
configure:2186: result: yes
configure:2324: checking for g++
configure:2340: found /usr/bin/g++
configure:2351: result: g++
configure:2378: checking for C++ compiler version
configure:2387: g++ --version >&5
g++ (GCC) 4.7.0
Copyright (C) 2012 Free Software Foundation, Inc.
This is free software; see the source for copying conditions.  There is NO
warranty; not even for MERCHANTABILITY or FITNESS FOR A PARTICULAR PURPOSE.

configure:2398: $? = 0
configure:2387: g++ -v >&5
Reading specs from /usr/lib/gcc/i486-slackware-linux/4.7.0/specs
COLLECT_GCC=g++
COLLECT_LTO_WRAPPER=/usr/libexec/gcc/i486-slackware-linux/4.7.0/lto-wrapper
Target: i486-slackware-linux
Configured with: ../gcc-4.7.0/configure --prefix=/usr --libdir=/usr/lib --mandir=/usr/man --infodir=/usr/info --enable-shared --enable-bootstrap --enable-languages=ada,c,c++,fortran,go,java,lto,objc --enable-threads=posix --enable-checking=release --enable-objc-gc --with-system-zlib --with-python-dir=/lib/python2.6/site-packages --disable-libunwind-exceptions --enable-__cxa_atexit --enable-libssp --enable-lto --with-gnu-ld --verbose --enable-java-home --with-java-home=/usr/lib/jvm/jre --with-jvm-root-dir=/usr/lib/jvm --with-jvm-jar-dir=/usr/lib/jvm/jvm-exports --with-arch-directory=i386 --with-antlr-jar=/root/slackware-current/source/d/gcc/antlr-runtime-3.4.jar --enable-java-awt=gtk --disable-gtktest --with-arch=i486 --target=i486-slackware-linux --build=i486-slackware-linux --host=i486-slackware-linux
Thread model: posix
gcc version 4.7.0 (GCC) 
configure:2398: $? = 0
configure:2387: g++ -V >&5
g++: error: unrecognized command line option '-V'
g++: fatal error: no input files
compilation terminated.
configure:2398: $? = 1
configure:2387: g++ -qversion >&5
g++: error: unrecognized command line option '-qversion'
g++: fatal error: no input files
compilation terminated.
configure:2398: $? = 1
configure:2418: checking whether the C++ compiler works
configure:2440: g++    conftest.cpp  >&5
configure:2444: $? = 0
configure:2492: result: yes
configure:2495: checking for C++ compiler default output file name
configure:2497: result: a.out
configure:2503: checking for suffix of executables
configure:2510: g++ -o conftest    conftest.cpp  >&5
configure:2514: $? = 0
configure:2536: result: 
configure:2558: checking whether we are cross compiling
configure:2566: g++ -o conftest    conftest.cpp  >&5
configure:2570: $? = 0
configure:2577: ./conftest
configure:2581: $? = 0
configure:2596: result: no
configure:2601: checking for suffix of object files
configure:2623: g++ -c   conftest.cpp >&5
configure:2627: $? = 0
configure:2648: result: o
configure:2652: checking whether we are using the GNU C++ compiler
configure:2671: g++ -c   conftest.cpp >&5
configure:2671: $? = 0
configure:2680: result: yes
configure:2689: checking whether g++ accepts -g
configure:2709: g++ -c -g  conftest.cpp >&5
configure:2709: $? = 0
configure:2750: result: yes
configure:2784: checking for style of include used by make
configure:2812: result: GNU
configure:2837: checking dependency style of g++
configure:2947: result: gcc3
configure:3096: creating ./config.status

## ---------------------- ##
## Running config.status. ##
## ---------------------- ##

This file was extended by Mrowisko config.status 0.1, which was
generated by GNU Autoconf 2.68.  Invocation command line was

  CONFIG_FILES    = 
  CONFIG_HEADERS  = 
  CONFIG_LINKS    = 
  CONFIG_COMMANDS = 
  $ ./config.status 

on darkraptor

config.status:847: creating Makefile
config.status:847: creating src/Makefile
config.status:847: creating config.h
config.status:1028: config.h is unchanged
config.status:1076: executing depfiles commands

## ---------------- ##
## Cache variables. ##
## ---------------- ##

ac_cv_cxx_compiler_gnu=yes
ac_cv_env_CCC_set=
ac_cv_env_CCC_value=
ac_cv_env_CPPFLAGS_set=
ac_cv_env_CPPFLAGS_value=
ac_cv_env_CXXFLAGS_set=
ac_cv_env_CXXFLAGS_value=
ac_cv_env_CXX_set=
ac_cv_env_CXX_value=
ac_cv_env_LDFLAGS_set=
ac_cv_env_LDFLAGS_value=
ac_cv_env_LIBS_set=
ac_cv_env_LIBS_value=
ac_cv_env_build_alias_set=
ac_cv_env_build_alias_value=
ac_cv_env_host_alias_set=
ac_cv_env_host_alias_value=
ac_cv_env_target_alias_set=
ac_cv_env_target_alias_value=
ac_cv_objext=o
ac_cv_path_install='/usr/bin/ginstall -c'
ac_cv_path_mkdir=/usr/bin/mkdir
ac_cv_prog_AWK=gawk
ac_cv_prog_ac_ct_CXX=g++
ac_cv_prog_cxx_g=yes
ac_cv_prog_make_make_set=yes
am_cv_CXX_dependencies_compiler_type=gcc3

## ----------------- ##
## Output variables. ##
## ----------------- ##

ACLOCAL='${SHELL} /home/torgiren/szkola/semestr_6/rozproszone/projekt_01/missing --run aclocal-1.11'
AMDEPBACKSLASH='\'
AMDEP_FALSE='#'
AMDEP_TRUE=''
AMTAR='${SHELL} /home/torgiren/szkola/semestr_6/rozproszone/projekt_01/missing --run tar'
AUTOCONF='${SHELL} /home/torgiren/szkola/semestr_6/rozproszone/projekt_01/missing --run autoconf'
AUTOHEADER='${SHELL} /home/torgiren/szkola/semestr_6/rozproszone/projekt_01/missing --run autoheader'
AUTOMAKE='${SHELL} /home/torgiren/szkola/semestr_6/rozproszone/projekt_01/missing --run automake-1.11'
AWK='gawk'
CPPFLAGS=''
CXX='g++'
CXXDEPMODE='depmode=gcc3'
CXXFLAGS='-g -O2'
CYGPATH_W='echo'
DEFS='-DHAVE_CONFIG_H'
DEPDIR='.deps'
ECHO_C=''
ECHO_N='-n'
ECHO_T=''
EXEEXT=''
INSTALL_DATA='${INSTALL} -m 644'
INSTALL_PROGRAM='${INSTALL}'
INSTALL_SCRIPT='${INSTALL}'
INSTALL_STRIP_PROGRAM='$(install_sh) -c -s'
LDFLAGS=''
LIBOBJS=''
LIBS=''
LTLIBOBJS=''
MAKEINFO='${SHELL} /home/torgiren/szkola/semestr_6/rozproszone/projekt_01/missing --run makeinfo'
MKDIR_P='/usr/bin/mkdir -p'
OBJEXT='o'
PACKAGE='mrowisko'
PACKAGE_BUGREPORT='torgiren@gmail.com'
PACKAGE_NAME='Mrowisko'
PACKAGE_STRING='Mrowisko 0.1'
PACKAGE_TARNAME='mrowisko'
PACKAGE_URL=''
PACKAGE_VERSION='0.1'
PATH_SEPARATOR=':'
SET_MAKE=''
SHELL='/bin/sh'
STRIP=''
VERSION='0.1'
ac_ct_CXX='g++'
am__EXEEXT_FALSE=''
am__EXEEXT_TRUE='#'
am__fastdepCXX_FALSE='#'
am__fastdepCXX_TRUE=''
am__include='include'
am__isrc=''
am__leading_dot='.'
am__quote=''
am__tar='${AMTAR} chof - "$$tardir"'
am__untar='${AMTAR} xf -'
bindir='${exec_prefix}/bin'
build_alias=''
datadir='${datarootdir}'
datarootdir='${prefix}/share'
docdir='${datarootdir}/doc/${PACKAGE_TARNAME}'
dvidir='${docdir}'
exec_prefix='${prefix}'
host_alias=''
htmldir='${docdir}'
includedir='${prefix}/include'
infodir='${datarootdir}/info'
install_sh='${SHELL} /home/torgiren/szkola/semestr_6/rozproszone/projekt_01/install-sh'
libdir='${exec_prefix}/lib'
libexecdir='${exec_prefix}/libexec'
localedir='${datarootdir}/locale'
localstatedir='${prefix}/var'
mandir='${datarootdir}/man'
mkdir_p='/usr/bin/mkdir -p'
oldincludedir='/usr/include'
pdfdir='${docdir}'
prefix='/usr/local'
program_transform_name='s,x,x,'
psdir='${docdir}'
sbindir='${exec_prefix}/sbin'
sharedstatedir='${prefix}/com'
sysconfdir='${prefix}/etc'
target_alias=''

## ----------- ##
## confdefs.h. ##
## ----------- ##

/* confdefs.h */
#define PACKAGE_NAME "Mrowisko"
#define PACKAGE_TARNAME "mrowisko"
#define PACKAGE_VERSION "0.1"
#define PACKAGE_STRING "Mrowisko 0.1"
#define PACKAGE_BUGREPORT "torgiren@gmail.com"
#define PACKAGE_URL ""
#define PACKAGE "mrowisko"
#define VERSION "0.1"

configure: exit 0

## ---------------------- ##
## Running config.status. ##
## ---------------------- ##

This file was extended by Mrowisko config.status 0.1, which was
generated by GNU Autoconf 2.68.  Invocation command line was

  CONFIG_FILES    = 
  CONFIG_HEADERS  = 
  CONFIG_LINKS    = 
  CONFIG_COMMANDS = 
  $ ./config.status config.h

on darkraptor

config.status:847: creating config.h
